<?xml version="1.0" encoding="UTF-8"?>
<!-- Generated by org.testng.reporters.JUnitReportReporter -->
<testsuite hostname="MBRLT01195" failures="0" tests="24" name="Mb_Search_Test.HomepageTest" time="285.446" errors="2" timestamp="2025-07-18T16:34:15 IST" skipped="0">
  <testcase classname="Mb_Search_Test.HomepageTest" name="search_homepage" time="9.362">
    <error message="stale element reference: stale element not found in the current frame
  (Session info: chrome=137.0.7151.119)
For documentation on this error, please visit: https://www.selenium.dev/documentation/webdriver/troubleshooting/errors#stale-element-reference-exception
Build info: version: &#039;4.10.0&#039;, revision: &#039;c14d967899&#039;
System info: os.name: &#039;Windows 11&#039;, os.arch: &#039;amd64&#039;, os.version: &#039;10.0&#039;, java.version: &#039;21.0.5&#039;
Driver info: org.openqa.selenium.chrome.ChromeDriver
Command: [786d147b0ba28157a50a71e8e520554c, clickElement {id=f.295C39AFA8AED966CE44E2591F7592AD.d.2A54F00962DD2E55BC66B64357D38A20.e.74}]
Capabilities {acceptInsecureCerts: false, browserName: chrome, browserVersion: 137.0.7151.119, chrome: {chromedriverVersion: 137.0.7151.119 (e0ac9d12dff..., userDataDir: C:\Users\ROHIT~1.NEG\AppDat...}, fedcm:accounts: true, goog:chromeOptions: {debuggerAddress: localhost:64145}, networkConnectionEnabled: false, pageLoadStrategy: normal, platformName: windows, proxy: Proxy(), se:cdp: ws://localhost:64145/devtoo..., se:cdpVersion: 137.0.7151.119, setWindowRect: true, strictFileInteractability: false, timeouts: {implicit: 0, pageLoad: 300000, script: 30000}, unhandledPromptBehavior: dismiss and notify, webauthn:extension:credBlob: true, webauthn:extension:largeBlob: true, webauthn:extension:minPinLength: true, webauthn:extension:prf: true, webauthn:virtualAuthenticators: true}
Element: [[ChromeDriver: chrome on windows (786d147b0ba28157a50a71e8e520554c)] -&gt; xpath: //div[@id=&#039;serachSuggest&#039;]//div[2]]
Session ID: 786d147b0ba28157a50a71e8e520554c" type="org.openqa.selenium.StaleElementReferenceException">
      <![CDATA[org.openqa.selenium.StaleElementReferenceException: stale element reference: stale element not found in the current frame
  (Session info: chrome=137.0.7151.119)
For documentation on this error, please visit: https://www.selenium.dev/documentation/webdriver/troubleshooting/errors#stale-element-reference-exception
Build info: version: '4.10.0', revision: 'c14d967899'
System info: os.name: 'Windows 11', os.arch: 'amd64', os.version: '10.0', java.version: '21.0.5'
Driver info: org.openqa.selenium.chrome.ChromeDriver
Command: [786d147b0ba28157a50a71e8e520554c, clickElement {id=f.295C39AFA8AED966CE44E2591F7592AD.d.2A54F00962DD2E55BC66B64357D38A20.e.74}]
Capabilities {acceptInsecureCerts: false, browserName: chrome, browserVersion: 137.0.7151.119, chrome: {chromedriverVersion: 137.0.7151.119 (e0ac9d12dff..., userDataDir: C:\Users\ROHIT~1.NEG\AppDat...}, fedcm:accounts: true, goog:chromeOptions: {debuggerAddress: localhost:64145}, networkConnectionEnabled: false, pageLoadStrategy: normal, platformName: windows, proxy: Proxy(), se:cdp: ws://localhost:64145/devtoo..., se:cdpVersion: 137.0.7151.119, setWindowRect: true, strictFileInteractability: false, timeouts: {implicit: 0, pageLoad: 300000, script: 30000}, unhandledPromptBehavior: dismiss and notify, webauthn:extension:credBlob: true, webauthn:extension:largeBlob: true, webauthn:extension:minPinLength: true, webauthn:extension:prf: true, webauthn:virtualAuthenticators: true}
Element: [[ChromeDriver: chrome on windows (786d147b0ba28157a50a71e8e520554c)] -> xpath: //div[@id='serachSuggest']//div[2]]
Session ID: 786d147b0ba28157a50a71e8e520554c
at java.base/jdk.internal.reflect.DirectConstructorHandleAccessor.newInstance(DirectConstructorHandleAccessor.java:62)
at java.base/java.lang.reflect.Constructor.newInstanceWithCaller(Constructor.java:502)
at java.base/java.lang.reflect.Constructor.newInstance(Constructor.java:486)
at org.openqa.selenium.remote.codec.w3c.W3CHttpResponseCodec.createException(W3CHttpResponseCodec.java:199)
at org.openqa.selenium.remote.codec.w3c.W3CHttpResponseCodec.decode(W3CHttpResponseCodec.java:132)
at org.openqa.selenium.remote.codec.w3c.W3CHttpResponseCodec.decode(W3CHttpResponseCodec.java:51)
at org.openqa.selenium.remote.HttpCommandExecutor.execute(HttpCommandExecutor.java:191)
at org.openqa.selenium.remote.service.DriverCommandExecutor.invokeExecute(DriverCommandExecutor.java:196)
at org.openqa.selenium.remote.service.DriverCommandExecutor.execute(DriverCommandExecutor.java:171)
at org.openqa.selenium.remote.RemoteWebDriver.execute(RemoteWebDriver.java:531)
at org.openqa.selenium.remote.RemoteWebElement.execute(RemoteWebElement.java:242)
at org.openqa.selenium.remote.RemoteWebElement.click(RemoteWebElement.java:77)
at Mb_Search.Homepage.search(Homepage.java:262)
at Mb_Search_Test.HomepageTest.search_homepage(HomepageTest.java:58)
at java.base/jdk.internal.reflect.DirectMethodHandleAccessor.invoke(DirectMethodHandleAccessor.java:103)
at java.base/java.lang.reflect.Method.invoke(Method.java:580)
at org.testng.internal.MethodInvocationHelper.invokeMethod(MethodInvocationHelper.java:133)
at org.testng.internal.TestInvoker.invokeMethod(TestInvoker.java:598)
at org.testng.internal.TestInvoker.invokeTestMethod(TestInvoker.java:173)
at org.testng.internal.MethodRunner.runInSequence(MethodRunner.java:46)
at org.testng.internal.TestInvoker$MethodInvocationAgent.invoke(TestInvoker.java:824)
at org.testng.internal.TestInvoker.invokeTestMethods(TestInvoker.java:146)
at org.testng.internal.TestMethodWorker.invokeTestMethods(TestMethodWorker.java:146)
at org.testng.internal.TestMethodWorker.run(TestMethodWorker.java:128)
at java.base/java.util.ArrayList.forEach(ArrayList.java:1596)
at org.testng.TestRunner.privateRun(TestRunner.java:794)
at org.testng.TestRunner.run(TestRunner.java:596)
at org.testng.SuiteRunner.runTest(SuiteRunner.java:377)
at org.testng.SuiteRunner.runSequentially(SuiteRunner.java:371)
at org.testng.SuiteRunner.privateRun(SuiteRunner.java:332)
at org.testng.SuiteRunner.run(SuiteRunner.java:276)
at org.testng.SuiteRunnerWorker.runSuite(SuiteRunnerWorker.java:53)
at org.testng.SuiteRunnerWorker.run(SuiteRunnerWorker.java:96)
at org.testng.TestNG.runSuitesSequentially(TestNG.java:1212)
at org.testng.TestNG.runSuitesLocally(TestNG.java:1134)
at org.testng.TestNG.runSuites(TestNG.java:1063)
at org.testng.TestNG.run(TestNG.java:1031)
at org.testng.remote.AbstractRemoteTestNG.run(AbstractRemoteTestNG.java:115)
at org.testng.remote.RemoteTestNG.initAndRun(RemoteTestNG.java:293)
at org.testng.remote.RemoteTestNG.main(RemoteTestNG.java:91)
]]>
    </error>
  </testcase> <!-- search_homepage -->
  <system-out/>
  <testcase classname="Mb_Search_Test.HomepageTest" name="defaultsearch_buy" time="13.319"/>
  <system-out/>
  <testcase classname="Mb_Search_Test.HomepageTest" name="defaultsearch_rent" time="13.610"/>
  <system-out/>
  <testcase classname="Mb_Search_Test.HomepageTest" name="defaultmagichome" time="9.692"/>
  <system-out/>
  <testcase classname="Mb_Search_Test.HomepageTest" name="defaultpg" time="21.073"/>
  <system-out/>
  <testcase classname="Mb_Search_Test.HomepageTest" name="defaultplot" time="16.304"/>
  <system-out/>
  <testcase classname="Mb_Search_Test.HomepageTest" name="defaultcommercial" time="16.150"/>
  <system-out/>
  <testcase classname="Mb_Search_Test.HomepageTest" name="search_homepage1" time="6.104">
    <error message="&#039;void org.testng.Assert.assertEquals(boolean, java.lang.Boolean)&#039;" type="java.lang.NoSuchMethodError">
      <![CDATA[java.lang.NoSuchMethodError: 'void org.testng.Assert.assertEquals(boolean, java.lang.Boolean)'
at Mb_Search_Test.HomepageTest.search_homepage1(HomepageTest.java:125)
at java.base/jdk.internal.reflect.DirectMethodHandleAccessor.invoke(DirectMethodHandleAccessor.java:103)
at java.base/java.lang.reflect.Method.invoke(Method.java:580)
at org.testng.internal.MethodInvocationHelper.invokeMethod(MethodInvocationHelper.java:133)
at org.testng.internal.TestInvoker.invokeMethod(TestInvoker.java:598)
at org.testng.internal.TestInvoker.invokeTestMethod(TestInvoker.java:173)
at org.testng.internal.MethodRunner.runInSequence(MethodRunner.java:46)
at org.testng.internal.TestInvoker$MethodInvocationAgent.invoke(TestInvoker.java:824)
at org.testng.internal.TestInvoker.invokeTestMethods(TestInvoker.java:146)
at org.testng.internal.TestMethodWorker.invokeTestMethods(TestMethodWorker.java:146)
at org.testng.internal.TestMethodWorker.run(TestMethodWorker.java:128)
at java.base/java.util.ArrayList.forEach(ArrayList.java:1596)
at org.testng.TestRunner.privateRun(TestRunner.java:794)
at org.testng.TestRunner.run(TestRunner.java:596)
at org.testng.SuiteRunner.runTest(SuiteRunner.java:377)
at org.testng.SuiteRunner.runSequentially(SuiteRunner.java:371)
at org.testng.SuiteRunner.privateRun(SuiteRunner.java:332)
at org.testng.SuiteRunner.run(SuiteRunner.java:276)
at org.testng.SuiteRunnerWorker.runSuite(SuiteRunnerWorker.java:53)
at org.testng.SuiteRunnerWorker.run(SuiteRunnerWorker.java:96)
at org.testng.TestNG.runSuitesSequentially(TestNG.java:1212)
at org.testng.TestNG.runSuitesLocally(TestNG.java:1134)
at org.testng.TestNG.runSuites(TestNG.java:1063)
at org.testng.TestNG.run(TestNG.java:1031)
at org.testng.remote.AbstractRemoteTestNG.run(AbstractRemoteTestNG.java:115)
at org.testng.remote.RemoteTestNG.initAndRun(RemoteTestNG.java:293)
at org.testng.remote.RemoteTestNG.main(RemoteTestNG.java:91)
]]>
    </error>
  </testcase> <!-- search_homepage1 -->
  <system-out/>
  <testcase classname="Mb_Search_Test.HomepageTest" name="ownerpropertywidget" time="9.824"/>
  <system-out/>
  <testcase classname="Mb_Search_Test.HomepageTest" name="newProjectwidget" time="13.453"/>
  <system-out/>
  <testcase classname="Mb_Search_Test.HomepageTest" name="readyToMoveFlatswidget" time="9.570"/>
  <system-out/>
  <testcase classname="Mb_Search_Test.HomepageTest" name="budgetHomewidget" time="9.110"/>
  <system-out/>
  <testcase classname="Mb_Search_Test.HomepageTest" name="popularownerwidget1" time="12.102"/>
  <system-out/>
  <testcase classname="Mb_Search_Test.HomepageTest" name="popularownerwidget2" time="8.902"/>
  <system-out/>
  <testcase classname="Mb_Search_Test.HomepageTest" name="popularownerwidget3" time="10.347"/>
  <system-out/>
  <testcase classname="Mb_Search_Test.HomepageTest" name="popularownerwidget4" time="9.245"/>
  <system-out/>
  <testcase classname="Mb_Search_Test.HomepageTest" name="clickAllFreshPropertyCardsWidget" time="32.880"/>
  <system-out/>
  <testcase classname="Mb_Search_Test.HomepageTest" name="magichometwidget" time="15.368"/>
  <system-out/>
  <testcase classname="Mb_Search_Test.HomepageTest" name="propertyservice_homeLoanWidget" time="11.759"/>
  <system-out/>
  <testcase classname="Mb_Search_Test.HomepageTest" name="RateTrends" time="6.941"/>
  <system-out/>
  <testcase classname="Mb_Search_Test.HomepageTest" name="EMICalculator" time="5.405"/>
  <system-out/>
  <testcase classname="Mb_Search_Test.HomepageTest" name="propertyservice_homeInterior" time="11.551"/>
  <system-out/>
  <testcase classname="Mb_Search_Test.HomepageTest" name="InvestmentHotspot" time="7.093"/>
  <system-out/>
  <testcase classname="Mb_Search_Test.HomepageTest" name="ResearchInsights" time="6.282"/>
  <system-out/>
</testsuite> <!-- Mb_Search_Test.HomepageTest -->
